App started on 2020-10-21.

Updating the GUI. Tab: Today
Cleared window.
Created play/pause button.
Created tab choosing menu.
Created details checkbox.

Updating the bar chart.
Finished updating the bar chart. Proceeding to update and show total time.
Calculated total time.
Showed total time. 
Bar chart update done.

Updating the GUI. Tab: Options
Cleared window.
Created tab choosing menu.
Created sleeptime entry.
Created apps list entry.
Created name exception list entry.
Created start on boot checkbox.
Created minimize when closing checkbox.
Created the save time button.
Created the open file directory button.
Created the help button. 
Done.

Saving times.
Saving the new iconifying state.
Done, new state: 1

Saving the new iconifying state.
Done, new state: 0

Saving times.
Saving times.
Saving times.
Saving times.
Saving times.
Opening help in notepad.
Done.

Opening help in notepad.
Done.

Saving times.
Saving the new iconifying state.
Done, new state: 1

Iconifying app.

Saving the new iconifying state.
Done, new state: 0

Saving times.
Saving times.
Saving times.